#
# A fatal error has been detected by the Java Runtime Environment:
#
#  Internal Error (os_windows_x86.cpp:114), pid=6980, tid=3856
#  Error: guarantee(result == -1,"Unexpected result from topLevelExceptionFilter")
#
# JRE version: 6.0_17-b04
# Java VM: Java HotSpot(TM) 64-Bit Server VM (14.3-b01 mixed mode windows-amd64 )
# If you would like to submit a bug report, please visit:
#   http://java.sun.com/webapps/bugreport/crash.jsp
# The crash happened outside the Java Virtual Machine in native code.
# See problematic frame for where to report the bug.
#

---------------  T H R E A D  ---------------

Current thread (0x0000000004d4f800):  JavaThread "main" [_thread_in_native, id=3856, stack(0x0000000000210000,0x0000000004210000)]

Stack: [0x0000000000210000,0x0000000004210000]
[error occurred during error reporting (printing stack bounds), id 0xc0000005]

Java frames: (J=compiled Java code, j=interpreted, Vv=VM code)
j  com.mathworks.jmi.NativeMatlab.ProcessPendingEvents()Z+0
j  com.mathworks.jmi.NativeMatlab.processPendingEvents()Z+8
j  com.mathworks.jmi.Matlab$ProcessPendingEvents.callBooleanMethod(Ljava/lang/Object;)Z+0
j  com.mathworks.util.FactoryUtils.processPendingEvents()Z+12
j  com.mathworks.widgets.desk.Desktop.canClose()Z+38
j  com.mathworks.mde.desk.MLDesktop.canClose()Z+113
j  com.mathworks.mde.desk.MLDesktop$2.call()Ljava/lang/Boolean;+4
j  com.mathworks.mde.desk.MLDesktop$2.call()Ljava/lang/Object;+1
j  com.mathworks.jmi.Matlab.isOkToExit()Z+54
v  ~StubRoutines::call_stub
j  com.mathworks.jmi.NativeMatlab.SendMatlabMessage(Ljava/lang/Object;)Ljava/lang/Object;+0
j  com.mathworks.jmi.NativeMatlab.sendMatlabMessage(Ljava/lang/Object;)Ljava/lang/Object;+22
j  com.mathworks.jmi.MatlabLooper.sendMatlabMessage(Lcom/mathworks/services/message/MWMessage;)Ljava/lang/Object;+20
j  com.mathworks.jmi.Matlab.mtFevalConsoleOutput(Ljava/lang/String;[Ljava/lang/Object;I)Ljava/lang/Object;+58
j  com.mathworks.mde.desk.MLDesktop$9.run()V+14
j  com.mathworks.jmi.NativeMatlab.dispatchMTRequests(Z)V+57
v  ~StubRoutines::call_stub

---------------  P R O C E S S  ---------------

Java Threads: ( => current thread )
  0x00000000535b9800 JavaThread "Image Fetcher 0" daemon [_thread_blocked, id=6552, stack(0x0000000025460000,0x00000000254e0000)]
  0x00000000535b7800 JavaThread "Code Analyzer updating thread" [_thread_blocked, id=4200, stack(0x0000000024f60000,0x0000000024fe0000)]
  0x00000000535af000 JavaThread "Prefs Updater" daemon [_thread_blocked, id=2464, stack(0x00000000248f0000,0x0000000024970000)]
  0x00000000535b7000 JavaThread "Foxtrot Single Worker Thread #1" daemon [_thread_blocked, id=3292, stack(0x0000000024990000,0x0000000024a10000)]
  0x00000000535b6000 JavaThread "Timer-5" [_thread_blocked, id=288, stack(0x0000000024620000,0x00000000246a0000)]
  0x00000000535b4800 JavaThread "pool-5-thread-1" [_thread_blocked, id=6364, stack(0x00000000244c0000,0x0000000024540000)]
  0x00000000535b4000 JavaThread "Code Analyzer updating thread" [_thread_blocked, id=3492, stack(0x0000000059de0000,0x0000000059e60000)]
  0x00000000535b3000 JavaThread "Code Analyzer updating thread" [_thread_blocked, id=4352, stack(0x0000000055260000,0x00000000552e0000)]
  0x00000000535b2800 JavaThread "Code Analyzer updating thread" [_thread_blocked, id=3344, stack(0x000000005a030000,0x000000005a0b0000)]
  0x00000000535b2000 JavaThread "Code Analyzer updating thread" [_thread_blocked, id=3804, stack(0x0000000059f80000,0x000000005a000000)]
  0x00000000535b1000 JavaThread "Code Analyzer updating thread" [_thread_blocked, id=2044, stack(0x0000000059d30000,0x0000000059db0000)]
  0x00000000535b0800 JavaThread "Code Analyzer updating thread" [_thread_blocked, id=2764, stack(0x0000000059c30000,0x0000000059cb0000)]
  0x00000000535af800 JavaThread "Code Analyzer updating thread" [_thread_blocked, id=7104, stack(0x0000000055310000,0x0000000055390000)]
  0x00000000535ac000 JavaThread "Timer-3" [_thread_blocked, id=3404, stack(0x00000000550c0000,0x0000000055140000)]
  0x00000000535ae000 JavaThread "Code Analyzer updating thread" [_thread_blocked, id=5424, stack(0x0000000059aa0000,0x0000000059b20000)]
  0x00000000535ad800 JavaThread "Active Reference Queue Daemon" daemon [_thread_blocked, id=6976, stack(0x0000000054fd0000,0x0000000055050000)]
  0x00000000535ac800 JavaThread "Timer-2" daemon [_thread_blocked, id=5276, stack(0x0000000059980000,0x0000000059a00000)]
  0x00000000535ab800 JavaThread "Timer-1" daemon [_thread_blocked, id=5436, stack(0x0000000059a10000,0x0000000059a90000)]
  0x00000000535aa800 JavaThread "FelixPackageAdmin" daemon [_thread_blocked, id=3816, stack(0x0000000059880000,0x0000000059900000)]
  0x000000005359b000 JavaThread "FelixStartLevel" daemon [_thread_blocked, id=6320, stack(0x0000000059790000,0x0000000059810000)]
  0x0000000053527000 JavaThread "FelixDispatchQueue" daemon [_thread_blocked, id=7124, stack(0x0000000059050000,0x00000000590d0000)]
  0x00000000534a0800 JavaThread "TimerQueue" daemon [_thread_blocked, id=4592, stack(0x0000000054e50000,0x0000000054ed0000)]
  0x000000005338d800 JavaThread "AWT-EventQueue-0" [_thread_blocked, id=7156, stack(0x00000000420d0000,0x0000000042150000)]
  0x0000000052a90800 JavaThread "com.google.common.base.internal.Finalizer" daemon [_thread_blocked, id=6372, stack(0x000000004e560000,0x000000004e5e0000)]
  0x0000000052f33000 JavaThread "AWT-Windows" daemon [_thread_in_native, id=5564, stack(0x00000000194d0000,0x0000000019550000)]
  0x00000000531e1800 JavaThread "AWT-Shutdown" [_thread_blocked, id=3300, stack(0x0000000011340000,0x00000000113c0000)]
  0x00000000531e0800 JavaThread "Java2D Disposer" daemon [_thread_blocked, id=5400, stack(0x0000000011260000,0x00000000112e0000)]
  0x0000000052d8f000 JavaThread "Timer-0" [_thread_blocked, id=5416, stack(0x0000000007b40000,0x0000000007bc0000)]
  0x00000000530b8000 JavaThread "JMI Unnamed Thread" [_thread_in_native, id=6964, stack(0x000000000bcf0000,0x000000000fcf0000)]
  0x000000004e36d000 JavaThread "Low Memory Detector" daemon [_thread_blocked, id=3788, stack(0x00000000078e0000,0x0000000007960000)]
  0x000000004e365000 JavaThread "CompilerThread1" daemon [_thread_blocked, id=5272, stack(0x0000000060a20000,0x0000000064a20000)]
  0x000000004e35f000 JavaThread "CompilerThread0" daemon [_thread_blocked, id=4080, stack(0x000000005a620000,0x000000005e620000)]
  0x000000004e35d800 JavaThread "Attach Listener" daemon [_thread_blocked, id=1140, stack(0x000000000fd60000,0x000000000fde0000)]
  0x000000004e2fb800 JavaThread "Finalizer" daemon [_thread_blocked, id=6204, stack(0x000000000bc70000,0x000000000bcf0000)]
  0x000000004e2f5800 JavaThread "Reference Handler" daemon [_thread_blocked, id=2324, stack(0x00000000077d0000,0x0000000007850000)]
=>0x0000000004d4f800 JavaThread "main" [_thread_in_native, id=3856, stack(0x0000000000210000,0x0000000004210000)]

Other Threads:
  0x000000004e2f2000 VMThread [stack: 0x000000004e610000,0x0000000052610000] [id=1704]
  0x000000004e388800 WatcherThread [stack: 0x0000000066070000,0x000000006a070000] [id=2880]

VM state:not at safepoint (normal execution)

VM Mutex/Monitor currently owned by a thread: None

Heap
 PSYoungGen      total 31424K, used 9547K [0x000000003ae40000, 0x000000003df10000, 0x000000003df40000)
  eden space 22272K, 1% used [0x000000003ae40000,0x000000003aead988,0x000000003c400000)
  from space 9152K, 99% used [0x000000003c400000,0x000000003cce5288,0x000000003ccf0000)
  to   space 13824K, 0% used [0x000000003d190000,0x000000003d190000,0x000000003df10000)
 PSOldGen        total 80128K, used 62654K [0x0000000031b40000, 0x0000000036980000, 0x000000003ae40000)
  object space 80128K, 78% used [0x0000000031b40000,0x000000003586f8d8,0x0000000036980000)
 PSPermGen       total 113472K, used 60766K [0x0000000029b40000, 0x0000000030a10000, 0x0000000031b40000)
  object space 113472K, 53% used [0x0000000029b40000,0x000000002d697b40,0x0000000030a10000)

Dynamic libraries:
0x000000013fb50000 - 0x000000013fb79000 	C:\Program Files\MATLAB\R2011b\bin\win64\matlab.exe
0x0000000077600000 - 0x00000000777a9000 	C:\Windows\SYSTEM32\ntdll.dll
0x00000000774e0000 - 0x00000000775ff000 	C:\Windows\system32\kernel32.dll
0x000007fefd6a0000 - 0x000007fefd70b000 	C:\Windows\system32\KERNELBASE.dll
0x0000000074460000 - 0x0000000074563000 	C:\Program Files\MATLAB\R2011b\bin\win64\libut.dll
0x00000000758a0000 - 0x0000000075944000 	C:\Program Files\MATLAB\R2011b\bin\win64\libmwi18n.dll
0x0000000180000000 - 0x000000018000b000 	C:\Program Files\MATLAB\R2011b\bin\win64\libmwresource_core.dll
0x0000000071e70000 - 0x0000000071f43000 	C:\Windows\WinSxS\amd64_microsoft.vc90.crt_1fc8b3b9a1e18e3b_9.0.30729.4940_none_08e4299fa83d7e3c\MSVCP90.dll
0x0000000071f90000 - 0x000000007202d000 	C:\Windows\WinSxS\amd64_microsoft.vc90.crt_1fc8b3b9a1e18e3b_9.0.30729.4940_none_08e4299fa83d7e3c\MSVCR90.dll
0x000000007a170000 - 0x000000007a19c000 	C:\Program Files\MATLAB\R2011b\bin\win64\boost_filesystem-vc90-mt-1_44.dll
0x000000007a560000 - 0x000000007a569000 	C:\Program Files\MATLAB\R2011b\bin\win64\boost_system-vc90-mt-1_44.dll
0x000007feff480000 - 0x000007feff55b000 	C:\Windows\system32\ADVAPI32.dll
0x000007fefd920000 - 0x000007fefd9bf000 	C:\Windows\system32\msvcrt.dll
0x000007feff870000 - 0x000007feff88f000 	C:\Windows\SYSTEM32\sechost.dll
0x000007fefebc0000 - 0x000007fefeced000 	C:\Windows\system32\RPCRT4.dll
0x000000007a010000 - 0x000000007a035000 	C:\Program Files\MATLAB\R2011b\bin\win64\LIBEXPAT.dll
0x0000000059590000 - 0x0000000059781000 	C:\Program Files\MATLAB\R2011b\bin\win64\icuin44.dll
0x000000005a340000 - 0x000000005a4b1000 	C:\Program Files\MATLAB\R2011b\bin\win64\icuuc44.dll
0x0000000010000000 - 0x0000000010e41000 	C:\Program Files\MATLAB\R2011b\bin\win64\icudt44.dll
0x0000000073f70000 - 0x00000000740b5000 	C:\Program Files\MATLAB\R2011b\bin\win64\libmwfl.dll
0x000000007a350000 - 0x000000007a556000 	C:\Program Files\MATLAB\R2011b\bin\win64\libmwMATLAB_res.dll
0x00000000001f0000 - 0x0000000000200000 	C:\Program Files\MATLAB\R2011b\bin\win64\boost_date_time-vc90-mt-1_44.dll
0x000000007a250000 - 0x000000007a263000 	C:\Program Files\MATLAB\R2011b\bin\win64\boost_signals-vc90-mt-1_44.dll
0x000000007a2d0000 - 0x000000007a2e2000 	C:\Program Files\MATLAB\R2011b\bin\win64\boost_thread-vc90-mt-1_44.dll
0x00000000042a0000 - 0x00000000042e6000 	C:\Program Files\MATLAB\R2011b\bin\win64\tbb.dll
0x000007feff400000 - 0x000007feff419000 	C:\Windows\system32\imagehlp.dll
0x00000000777c0000 - 0x00000000777c7000 	C:\Windows\system32\PSAPI.DLL
0x0000000071f70000 - 0x0000000071f83000 	C:\Program Files\MATLAB\R2011b\bin\win64\icuio44.dll
0x000007fef7ad0000 - 0x000007fef7bf5000 	C:\Windows\system32\dbghelp.dll
0x00000000773e0000 - 0x00000000774da000 	C:\Windows\system32\USER32.dll
0x000007feff390000 - 0x000007feff3f7000 	C:\Windows\system32\GDI32.dll
0x000007fefebb0000 - 0x000007fefebbe000 	C:\Windows\system32\LPK.dll
0x000007feff2c0000 - 0x000007feff389000 	C:\Windows\system32\USP10.dll
0x000000007bed0000 - 0x000000007c148000 	C:\Program Files\MATLAB\R2011b\bin\win64\libmwservices.dll
0x0000000075a20000 - 0x0000000075ad5000 	C:\Program Files\MATLAB\R2011b\bin\win64\libmx.dll
0x000000007a210000 - 0x000000007a228000 	C:\Program Files\MATLAB\R2011b\bin\win64\zlib1.dll
0x0000000074330000 - 0x0000000074453000 	C:\Program Files\MATLAB\R2011b\bin\win64\libmwmathutil.dll
0x0000000075f10000 - 0x0000000075f5d000 	C:\Program Files\MATLAB\R2011b\bin\win64\mpath.dll
0x000000007b680000 - 0x000000007bb4d000 	C:\Program Files\MATLAB\R2011b\bin\win64\mlutil.dll
0x0000000071df0000 - 0x0000000071e6f000 	C:\Program Files\MATLAB\R2011b\bin\win64\xmlcore.dll
0x000000007bc30000 - 0x000000007be83000 	C:\Program Files\MATLAB\R2011b\bin\win64\xerces-c_2_7.dll
0x000007feff890000 - 0x000007feff8dd000 	C:\Windows\system32\WS2_32.dll
0x000007feff2b0000 - 0x000007feff2b8000 	C:\Windows\system32\NSI.dll
0x0000000004390000 - 0x00000000043a6000 	C:\Program Files\MATLAB\R2011b\bin\win64\libmwsettings_res.dll
0x00000000043c0000 - 0x0000000004407000 	C:\Program Files\MATLAB\R2011b\bin\win64\boost_serialization-vc90-mt-1_44.dll
0x000007fefd9c0000 - 0x000007fefe748000 	C:\Windows\system32\SHELL32.dll
0x000007fefe750000 - 0x000007fefe7c1000 	C:\Windows\system32\SHLWAPI.dll
0x000007fef7e00000 - 0x000007fef7ea0000 	C:\Windows\WinSxS\amd64_microsoft.windows.common-controls_6595b64144ccf1df_5.82.7601.18201_none_a4d3b9377117c3df\COMCTL32.dll
0x000007feff210000 - 0x000007feff2a7000 	C:\Windows\system32\COMDLG32.dll
0x000007fefac10000 - 0x000007fefac26000 	C:\Windows\system32\NETAPI32.dll
0x000007fefca10000 - 0x000007fefca1c000 	C:\Windows\system32\netutils.dll
0x000007fefd140000 - 0x000007fefd163000 	C:\Windows\system32\srvcli.dll
0x000007fefabf0000 - 0x000007fefac05000 	C:\Windows\system32\wkscli.dll
0x000007feff000000 - 0x000007feff203000 	C:\Windows\system32\ole32.dll
0x000007feff790000 - 0x000007feff867000 	C:\Windows\system32\OLEAUT32.dll
0x0000000074970000 - 0x0000000074a41000 	C:\Program Files\MATLAB\R2011b\bin\win64\mcr.dll
0x0000000075000000 - 0x0000000075324000 	C:\Program Files\MATLAB\R2011b\bin\win64\iqm.dll
0x0000000056450000 - 0x0000000056c20000 	C:\Program Files\MATLAB\R2011b\bin\win64\m_interpreter.dll
0x0000000004450000 - 0x0000000004465000 	C:\Program Files\MATLAB\R2011b\bin\win64\libmex.dll
0x0000000060580000 - 0x000000006062e000 	C:\Program Files\MATLAB\R2011b\bin\win64\m_dispatcher.dll
0x0000000074880000 - 0x000000007496d000 	C:\Program Files\MATLAB\R2011b\bin\win64\boost_regex-vc90-mt-1_44.dll
0x00000000607f0000 - 0x0000000060874000 	C:\Program Files\MATLAB\R2011b\bin\win64\profiler.dll
0x0000000079f40000 - 0x0000000079f73000 	C:\Program Files\MATLAB\R2011b\bin\win64\libmwmathrng.dll
0x0000000074c10000 - 0x0000000074cea000 	C:\Program Files\MATLAB\R2011b\bin\win64\libmwmathcore.dll
0x0000000076160000 - 0x00000000761cb000 	C:\Program Files\MATLAB\R2011b\bin\win64\libmwspmatrix.dll
0x0000000075ea0000 - 0x0000000075f02000 	C:\Program Files\MATLAB\R2011b\bin\win64\libmwcholmod.dll
0x00000000044f0000 - 0x00000000044fd000 	C:\Program Files\MATLAB\R2011b\bin\win64\libmwamd.dll
0x0000000004510000 - 0x000000000451c000 	C:\Program Files\MATLAB\R2011b\bin\win64\libmwcolamd.dll
0x0000000071f50000 - 0x0000000071f69000 	C:\Program Files\MATLAB\R2011b\bin\win64\libmwblas.dll
0x000000006b580000 - 0x000000006b592000 	C:\Program Files\MATLAB\R2011b\bin\win64\libmwbinder.dll
0x0000000004550000 - 0x000000000455b000 	C:\Program Files\MATLAB\R2011b\bin\win64\libmwompwrapper.dll
0x00000000604f0000 - 0x0000000060572000 	C:\Program Files\MATLAB\R2011b\bin\win64\libmwlapack.dll
0x0000000065860000 - 0x0000000065881000 	C:\Program Files\MATLAB\R2011b\bin\win64\m_pcodeio.dll
0x0000000079b10000 - 0x0000000079b77000 	C:\Program Files\MATLAB\R2011b\bin\win64\m_ir.dll
0x0000000056db0000 - 0x00000000573f0000 	C:\Program Files\MATLAB\R2011b\bin\win64\m_parser.dll
0x0000000071dd0000 - 0x0000000071dea000 	C:\Program Files\MATLAB\R2011b\bin\win64\ir_xfmr.dll
0x0000000059300000 - 0x0000000059585000 	C:\Program Files\MATLAB\R2011b\bin\win64\mcos.dll
0x00000000045d0000 - 0x00000000045dc000 	C:\Program Files\MATLAB\R2011b\bin\win64\mtok.dll
0x0000000065820000 - 0x0000000065851000 	C:\Program Files\MATLAB\R2011b\bin\win64\m_pcodegen.dll
0x0000000079fb0000 - 0x0000000079fe5000 	C:\Program Files\MATLAB\R2011b\bin\win64\libmwbridge.dll
0x000000005a270000 - 0x000000005a338000 	C:\Program Files\MATLAB\R2011b\bin\win64\udd.dll
0x00000000591b0000 - 0x00000000592f7000 	C:\Program Files\MATLAB\R2011b\bin\win64\libmwgui.dll
0x0000000065e40000 - 0x0000000065e57000 	C:\Program Files\MATLAB\R2011b\bin\win64\graphics_util.dll
0x0000000055aa0000 - 0x0000000056450000 	C:\Program Files\MATLAB\R2011b\bin\win64\hg.dll
0x0000000076100000 - 0x0000000076158000 	C:\Program Files\MATLAB\R2011b\bin\win64\libmat.dll
0x0000000072d30000 - 0x0000000072f44000 	C:\Program Files\MATLAB\R2011b\bin\win64\hdf5dll.dll
0x0000000075710000 - 0x000000007579d000 	C:\Program Files\MATLAB\R2011b\bin\win64\jmi.dll
0x0000000004680000 - 0x000000000468e000 	C:\Program Files\MATLAB\R2011b\bin\win64\nativejava_services.dll
0x00000000607a0000 - 0x00000000607e3000 	C:\Program Files\MATLAB\R2011b\bin\win64\libmwhardcopy.dll
0x0000000060340000 - 0x00000000603a3000 	C:\Program Files\MATLAB\R2011b\bin\win64\libuij.dll
0x0000000055890000 - 0x0000000055a97000 	C:\Program Files\MATLAB\R2011b\bin\win64\hgdatatypes.dll
0x0000000059e80000 - 0x0000000059f79000 	C:\Program Files\MATLAB\R2011b\bin\win64\hgutils.dll
0x0000000056cf0000 - 0x0000000056dad000 	C:\Program Files\MATLAB\R2011b\bin\win64\udd_mi.dll
0x00000000046f0000 - 0x00000000049b9000 	C:\Program Files\MATLAB\R2011b\bin\win64\uiw.dll
0x000000006b570000 - 0x000000006b57f000 	C:\Program Files\MATLAB\R2011b\bin\win64\uinone.dll
0x000007fef7ea0000 - 0x000007fef7eb8000 	C:\Windows\system32\MPR.dll
0x00000000553a0000 - 0x0000000055884000 	C:\Windows\WinSxS\amd64_microsoft.vc90.mfc_1fc8b3b9a1e18e3b_9.0.30729.4148_none_04480933ab2137b1\mfc90.dll
0x000007fef82d0000 - 0x000007fef82d7000 	C:\Windows\system32\MSIMG32.dll
0x000007fef84b0000 - 0x000007fef8521000 	C:\Windows\system32\WINSPOOL.DRV
0x000000005a240000 - 0x000000005a261000 	C:\Program Files\MATLAB\R2011b\bin\win64\mwoles05.DLL
0x0000000056c70000 - 0x0000000056ce5000 	C:\Program Files\MATLAB\R2011b\bin\win64\comcli.dll
0x0000000056c40000 - 0x0000000056c6f000 	C:\Windows\WinSxS\amd64_microsoft.vc90.atl_1fc8b3b9a1e18e3b_9.0.30729.4148_none_0a1d2fcba76b3f00\ATL90.DLL
0x00000000726b0000 - 0x00000000726bc000 	C:\Program Files\MATLAB\R2011b\bin\win64\mlautoregister.dll
0x0000000004a10000 - 0x0000000004a20000 	C:\Program Files\MATLAB\R2011b\bin\win64\boost_iostreams-vc90-mt-1_44.dll
0x000007feff8e0000 - 0x000007feff90e000 	C:\Windows\system32\IMM32.DLL
0x000007feff560000 - 0x000007feff669000 	C:\Windows\system32\MSCTF.dll
0x0000000004b50000 - 0x0000000004b88000 	C:\PROGRA~2\Sophos\SOPHOS~1\SOPHOS~2.DLL
0x000007fefbf70000 - 0x000007fefbfc6000 	C:\Windows\system32\UxTheme.dll
0x000007fefb240000 - 0x000007fefb258000 	C:\Windows\system32\dwmapi.dll
0x0000000065fa0000 - 0x0000000065fad000 	C:\Windows\WinSxS\amd64_microsoft.vc90.mfcloc_1fc8b3b9a1e18e3b_9.0.30729.4148_none_01c6b44660ce74c3\MFC90ENU.DLL
0x0000000004bd0000 - 0x0000000004bf9000 	C:\Program Files\MATLAB\R2011b\bin\win64\tbbmalloc.dll
0x000007fefd550000 - 0x000007fefd55f000 	C:\Windows\system32\profapi.dll
0x000007fefbfd0000 - 0x000007fefbff7000 	C:\Windows\system32\iphlpapi.dll
0x000007fefc760000 - 0x000007fefc76b000 	C:\Windows\system32\WINNSI.DLL
0x000007fefcc00000 - 0x000007fefcc5b000 	C:\Windows\system32\DNSAPI.dll
0x000007fefa380000 - 0x000007fefa391000 	C:\Windows\system32\dhcpcsvc6.DLL
0x000007fefa240000 - 0x000007fefa258000 	C:\Windows\system32\dhcpcsvc.DLL
0x000007fefd3b0000 - 0x000007fefd3d5000 	C:\Windows\system32\SspiCli.dll
0x0000000065df0000 - 0x0000000065df3000 	C:\Windows\system32\icmp.Dll
0x000007fefd440000 - 0x000007fefd44f000 	C:\Windows\system32\CRYPTBASE.dll
0x000007fefd600000 - 0x000007fefd636000 	C:\Windows\system32\CFGMGR32.dll
0x000007feff6f0000 - 0x000007feff789000 	C:\Windows\system32\CLBCatQ.DLL
0x0000000078870000 - 0x0000000078ecd000 	C:\Program Files\MATLAB\R2011b\sys\java\jre\win64\jre\bin\server\jvm.dll
0x000007fefb390000 - 0x000007fefb3cb000 	C:\Windows\system32\WINMM.dll
0x00000000070e0000 - 0x00000000070ee000 	C:\Program Files\MATLAB\R2011b\sys\java\jre\win64\jre\bin\verify.dll
0x000000007a070000 - 0x000000007a097000 	C:\Program Files\MATLAB\R2011b\sys\java\jre\win64\jre\bin\java.dll
0x0000000007490000 - 0x000000000749a000 	C:\Program Files\MATLAB\R2011b\sys\java\jre\win64\jre\bin\hpi.dll
0x00000000074b0000 - 0x00000000074c2000 	C:\Program Files\MATLAB\R2011b\sys\java\jre\win64\jre\bin\zip.dll

VM Arguments:
jvm_args: -Xss512k -XX:PermSize=32m -Xms64m -XX:NewRatio=3 -XX:MaxPermSize=128m -Xmx196m -XX:MaxDirectMemorySize=2147400000 -Dsun.java2d.noddraw=true -Dsun.awt.nopixfmt=true -Xshare:off -Xrs -Dsun.awt.disableMixing=true -Djava.library.path=C:\Program Files\MATLAB\R2011b\bin\win64 vfprintf abort 
java_command: <unknown>
Launcher Type: generic

Environment Variables:
PATH=C:\Program Files (x86)\MiKTeX 2.9\miktex/bin;C:\Windows\system32;C:\Windows;C:\Windows\System32\Wbem;C:\Windows\System32\WindowsPowerShell\v1.0\;C:\Program Files\MATLAB\R2011b\bin
USERNAME=py023629
OS=Windows_NT
PROCESSOR_IDENTIFIER=Intel64 Family 6 Model 42 Stepping 7, GenuineIntel



---------------  S Y S T E M  ---------------

OS: Windows 7 Build 7601 Service Pack 1

CPU:total 4 (8 cores per cpu, 2 threads per core) family 6 model 42 stepping 7, cmov, cx8, fxsr, mmx, sse, sse2, sse3, ssse3, sse4.1, sse4.2, ht

Memory: 4k page, physical 4079632k(1068920k free), swap 8157400k(4139480k free)

vm_info: Java HotSpot(TM) 64-Bit Server VM (14.3-b01) for windows-amd64 JRE (1.6.0_17-b04), built on Oct 11 2009 00:46:08 by "java_re" with MS VC++ 8.0

time: Mon Mar 24 15:20:40 2014
elapsed time: 7577 seconds

